build/outputs/logs/manifest-merger-debug-report.txt
-- Merging decision tree log ---
manifest
ADDED from MyProject\BoardGameStore\AndroidManifest.xml:2:1-179:12
	xmlns:android
		ADDED from MyProject\BoardGameStore\AndroidManifest.xml:2:11-69
	package
		ADDED from MyProject\BoardGameStore\AndroidManifest.xml:3:5-42
	android:versionName
		ADDED from MyProject\BoardGameStore\AndroidManifest.xml:5:5-30
		INJECTED from MyProject\BoardGameStore\AndroidManifest.xml
		INJECTED from MyProject\BoardGameStore\AndroidManifest.xml
	android:versionCode
		ADDED from MyProject\BoardGameStore\AndroidManifest.xml:4:5-28
		INJECTED from MyProject\BoardGameStore\AndroidManifest.xml
		INJECTED from MyProject\BoardGameStore\AndroidManifest.xml
uses-sdk
ADDED from MyProject\BoardGameStore\AndroidManifest.xml:7:5-9:41
MERGED from [BoardGameStore:WeiboSDK:unspecified] AndroidManifest.xml:7:5-44
	android:targetSdkVersion
		ADDED from MyProject\BoardGameStore\AndroidManifest.xml:9:9-38
	android:minSdkVersion
		ADDED from MyProject\BoardGameStore\AndroidManifest.xml:8:9-35
uses-permission#android.permission.WRITE_EXTERNAL_STORAGE
ADDED from MyProject\BoardGameStore\AndroidManifest.xml:11:5-81
	android:name
		ADDED from MyProject\BoardGameStore\AndroidManifest.xml:11:22-78
uses-permission#android.permission.ACCESS_NETWORK_STATE
ADDED from MyProject\BoardGameStore\AndroidManifest.xml:12:5-79
	android:name
		ADDED from MyProject\BoardGameStore\AndroidManifest.xml:12:22-76
uses-permission#android.permission.ACCESS_WIFI_STATE
ADDED from MyProject\BoardGameStore\AndroidManifest.xml:13:5-76
	android:name
		ADDED from MyProject\BoardGameStore\AndroidManifest.xml:13:22-73
uses-permission#android.permission.INTERNET
ADDED from MyProject\BoardGameStore\AndroidManifest.xml:14:5-67
	android:name
		ADDED from MyProject\BoardGameStore\AndroidManifest.xml:14:22-64
uses-permission#android.permission.READ_PHONE_STATE
ADDED from MyProject\BoardGameStore\AndroidManifest.xml:15:5-75
	android:name
		ADDED from MyProject\BoardGameStore\AndroidManifest.xml:15:22-72
uses-permission#android.permission.GET_TASKS
ADDED from MyProject\BoardGameStore\AndroidManifest.xml:16:5-68
	android:name
		ADDED from MyProject\BoardGameStore\AndroidManifest.xml:16:22-65
application
ADDED from MyProject\BoardGameStore\AndroidManifest.xml:18:5-172:19
	android:label
		ADDED from MyProject\BoardGameStore\AndroidManifest.xml:22:9-41
	android:allowBackup
		ADDED from MyProject\BoardGameStore\AndroidManifest.xml:20:9-35
	android:icon
		ADDED from MyProject\BoardGameStore\AndroidManifest.xml:21:9-45
	android:theme
		ADDED from MyProject\BoardGameStore\AndroidManifest.xml:23:9-40
	android:name
		ADDED from MyProject\BoardGameStore\AndroidManifest.xml:19:9-32
activity#com.tencent.tauth.AuthActivity
ADDED from MyProject\BoardGameStore\AndroidManifest.xml:24:9-36:20
	android:noHistory
		ADDED from MyProject\BoardGameStore\AndroidManifest.xml:27:13-37
	android:name
		ADDED from MyProject\BoardGameStore\AndroidManifest.xml:25:13-58
	android:launchMode
		ADDED from MyProject\BoardGameStore\AndroidManifest.xml:26:13-44
intent-filter#android.intent.action.VIEW+android.intent.category.BROWSABLE+android.intent.category.DEFAULT
ADDED from MyProject\BoardGameStore\AndroidManifest.xml:28:13-35:29
action#android.intent.action.VIEW
ADDED from MyProject\BoardGameStore\AndroidManifest.xml:29:17-69
	android:name
		ADDED from MyProject\BoardGameStore\AndroidManifest.xml:29:25-66
category#android.intent.category.DEFAULT
ADDED from MyProject\BoardGameStore\AndroidManifest.xml:31:17-76
	android:name
		ADDED from MyProject\BoardGameStore\AndroidManifest.xml:31:27-73
category#android.intent.category.BROWSABLE
ADDED from MyProject\BoardGameStore\AndroidManifest.xml:32:17-78
	android:name
		ADDED from MyProject\BoardGameStore\AndroidManifest.xml:32:27-75
data
ADDED from MyProject\BoardGameStore\AndroidManifest.xml:34:17-60
	android:scheme
		ADDED from MyProject\BoardGameStore\AndroidManifest.xml:34:23-57
activity#com.tencent.connect.common.AssistActivity
ADDED from MyProject\BoardGameStore\AndroidManifest.xml:37:9-40:75
	android:configChanges
		ADDED from MyProject\BoardGameStore\AndroidManifest.xml:39:13-74
	android:theme
		ADDED from MyProject\BoardGameStore\AndroidManifest.xml:40:13-72
	android:name
		ADDED from MyProject\BoardGameStore\AndroidManifest.xml:38:13-69
activity#com.yikeguan.boardgamestore.WelcomeActivity
ADDED from MyProject\BoardGameStore\AndroidManifest.xml:41:9-49:20
	android:screenOrientation
		ADDED from MyProject\BoardGameStore\AndroidManifest.xml:43:13-49
	android:name
		ADDED from MyProject\BoardGameStore\AndroidManifest.xml:42:13-44
intent-filter#android.intent.action.MAIN+android.intent.category.LAUNCHER
ADDED from MyProject\BoardGameStore\AndroidManifest.xml:44:13-48:29
action#android.intent.action.MAIN
ADDED from MyProject\BoardGameStore\AndroidManifest.xml:45:17-69
	android:name
		ADDED from MyProject\BoardGameStore\AndroidManifest.xml:45:25-66
category#android.intent.category.LAUNCHER
ADDED from MyProject\BoardGameStore\AndroidManifest.xml:47:17-77
	android:name
		ADDED from MyProject\BoardGameStore\AndroidManifest.xml:47:27-74
activity#com.yikeguan.boardgamestore.GuideActivity
ADDED from MyProject\BoardGameStore\AndroidManifest.xml:50:9-52:52
	android:screenOrientation
		ADDED from MyProject\BoardGameStore\AndroidManifest.xml:52:13-49
	android:name
		ADDED from MyProject\BoardGameStore\AndroidManifest.xml:51:13-42
activity#com.yikeguan.boardgamestore.MainActivity
ADDED from MyProject\BoardGameStore\AndroidManifest.xml:53:9-55:52
	android:screenOrientation
		ADDED from MyProject\BoardGameStore\AndroidManifest.xml:55:13-49
	android:name
		ADDED from MyProject\BoardGameStore\AndroidManifest.xml:54:13-41
activity#com.yikeguan.boardgamestore.ImageViewActivity
ADDED from MyProject\BoardGameStore\AndroidManifest.xml:56:9-58:52
	android:screenOrientation
		ADDED from MyProject\BoardGameStore\AndroidManifest.xml:58:13-49
	android:name
		ADDED from MyProject\BoardGameStore\AndroidManifest.xml:57:13-46
activity#com.yikeguan.boardgamestore.MemberListActivity
ADDED from MyProject\BoardGameStore\AndroidManifest.xml:59:9-61:52
	android:screenOrientation
		ADDED from MyProject\BoardGameStore\AndroidManifest.xml:61:13-49
	android:name
		ADDED from MyProject\BoardGameStore\AndroidManifest.xml:60:13-47
activity#com.yikeguan.boardgamestore.TrendListActivity
ADDED from MyProject\BoardGameStore\AndroidManifest.xml:62:9-64:52
	android:screenOrientation
		ADDED from MyProject\BoardGameStore\AndroidManifest.xml:64:13-49
	android:name
		ADDED from MyProject\BoardGameStore\AndroidManifest.xml:63:13-46
activity#com.yikeguan.boardgamestore.MemberDetailActivity
ADDED from MyProject\BoardGameStore\AndroidManifest.xml:65:9-67:52
	android:screenOrientation
		ADDED from MyProject\BoardGameStore\AndroidManifest.xml:67:13-49
	android:name
		ADDED from MyProject\BoardGameStore\AndroidManifest.xml:66:13-49
activity#com.yikeguan.boardgamestore.MemberInfoActivity
ADDED from MyProject\BoardGameStore\AndroidManifest.xml:68:9-70:52
	android:screenOrientation
		ADDED from MyProject\BoardGameStore\AndroidManifest.xml:70:13-49
	android:name
		ADDED from MyProject\BoardGameStore\AndroidManifest.xml:69:13-47
activity#com.yikeguan.boardgamestore.EditInfoActivity
ADDED from MyProject\BoardGameStore\AndroidManifest.xml:71:9-73:52
	android:screenOrientation
		ADDED from MyProject\BoardGameStore\AndroidManifest.xml:73:13-49
	android:name
		ADDED from MyProject\BoardGameStore\AndroidManifest.xml:72:13-45
activity#com.yikeguan.boardgamestore.GameDetailActivity
ADDED from MyProject\BoardGameStore\AndroidManifest.xml:74:9-76:52
	android:screenOrientation
		ADDED from MyProject\BoardGameStore\AndroidManifest.xml:76:13-49
	android:name
		ADDED from MyProject\BoardGameStore\AndroidManifest.xml:75:13-47
activity#com.yikeguan.boardgamestore.PriceActivity
ADDED from MyProject\BoardGameStore\AndroidManifest.xml:77:9-79:52
	android:screenOrientation
		ADDED from MyProject\BoardGameStore\AndroidManifest.xml:79:13-49
	android:name
		ADDED from MyProject\BoardGameStore\AndroidManifest.xml:78:13-42
activity#com.yikeguan.boardgamestore.GradeScoreActivity
ADDED from MyProject\BoardGameStore\AndroidManifest.xml:80:9-82:52
	android:screenOrientation
		ADDED from MyProject\BoardGameStore\AndroidManifest.xml:82:13-49
	android:name
		ADDED from MyProject\BoardGameStore\AndroidManifest.xml:81:13-47
activity#com.yikeguan.boardgamestore.PublishListActivity
ADDED from MyProject\BoardGameStore\AndroidManifest.xml:83:9-85:52
	android:screenOrientation
		ADDED from MyProject\BoardGameStore\AndroidManifest.xml:85:13-49
	android:name
		ADDED from MyProject\BoardGameStore\AndroidManifest.xml:84:13-48
activity#com.yikeguan.boardgamestore.GameListActivity
ADDED from MyProject\BoardGameStore\AndroidManifest.xml:86:9-88:52
	android:screenOrientation
		ADDED from MyProject\BoardGameStore\AndroidManifest.xml:88:13-49
	android:name
		ADDED from MyProject\BoardGameStore\AndroidManifest.xml:87:13-45
activity#com.yikeguan.boardgamestore.CommentListActivity
ADDED from MyProject\BoardGameStore\AndroidManifest.xml:89:9-93:67
	android:windowSoftInputMode
		ADDED from MyProject\BoardGameStore\AndroidManifest.xml:93:13-64
	android:screenOrientation
		ADDED from MyProject\BoardGameStore\AndroidManifest.xml:92:13-49
	android:configChanges
		ADDED from MyProject\BoardGameStore\AndroidManifest.xml:91:13-63
	android:name
		ADDED from MyProject\BoardGameStore\AndroidManifest.xml:90:13-48
activity#com.yikeguan.boardgamestore.ChatContactListActivity
ADDED from MyProject\BoardGameStore\AndroidManifest.xml:94:9-96:52
	android:screenOrientation
		ADDED from MyProject\BoardGameStore\AndroidManifest.xml:96:13-49
	android:name
		ADDED from MyProject\BoardGameStore\AndroidManifest.xml:95:13-52
activity#com.yikeguan.boardgamestore.ChatActivity
ADDED from MyProject\BoardGameStore\AndroidManifest.xml:97:9-101:67
	android:windowSoftInputMode
		ADDED from MyProject\BoardGameStore\AndroidManifest.xml:101:13-64
	android:screenOrientation
		ADDED from MyProject\BoardGameStore\AndroidManifest.xml:100:13-49
	android:configChanges
		ADDED from MyProject\BoardGameStore\AndroidManifest.xml:99:13-63
	android:name
		ADDED from MyProject\BoardGameStore\AndroidManifest.xml:98:13-41
activity#com.yikeguan.boardgamestore.AlertDialog
ADDED from MyProject\BoardGameStore\AndroidManifest.xml:104:9-106:52
	android:theme
		ADDED from MyProject\BoardGameStore\AndroidManifest.xml:106:13-49
	android:name
		ADDED from MyProject\BoardGameStore\AndroidManifest.xml:105:13-40
activity#com.yikeguan.boardgamestore.SearchActivity
ADDED from MyProject\BoardGameStore\AndroidManifest.xml:107:9-109:52
	android:screenOrientation
		ADDED from MyProject\BoardGameStore\AndroidManifest.xml:109:13-49
	android:name
		ADDED from MyProject\BoardGameStore\AndroidManifest.xml:108:13-43
activity#com.yikeguan.boardgamestore.SunPhotoActivity
ADDED from MyProject\BoardGameStore\AndroidManifest.xml:110:9-112:52
	android:screenOrientation
		ADDED from MyProject\BoardGameStore\AndroidManifest.xml:112:13-49
	android:name
		ADDED from MyProject\BoardGameStore\AndroidManifest.xml:111:13-45
activity#com.yikeguan.boardgamestore.SelectPhotoActivity
ADDED from MyProject\BoardGameStore\AndroidManifest.xml:113:9-115:52
	android:screenOrientation
		ADDED from MyProject\BoardGameStore\AndroidManifest.xml:115:13-49
	android:name
		ADDED from MyProject\BoardGameStore\AndroidManifest.xml:114:13-48
activity#com.yikeguan.boardgamestore.ImageActivity
ADDED from MyProject\BoardGameStore\AndroidManifest.xml:116:9-118:52
	android:screenOrientation
		ADDED from MyProject\BoardGameStore\AndroidManifest.xml:118:13-49
	android:name
		ADDED from MyProject\BoardGameStore\AndroidManifest.xml:117:13-42
activity#com.yikeguan.boardgamestore.SunRecommeActivity
ADDED from MyProject\BoardGameStore\AndroidManifest.xml:119:9-121:52
	android:screenOrientation
		ADDED from MyProject\BoardGameStore\AndroidManifest.xml:121:13-49
	android:name
		ADDED from MyProject\BoardGameStore\AndroidManifest.xml:120:13-47
activity#com.yikeguan.boardgamestore.SunpicListActivity
ADDED from MyProject\BoardGameStore\AndroidManifest.xml:122:9-124:52
	android:screenOrientation
		ADDED from MyProject\BoardGameStore\AndroidManifest.xml:124:13-49
	android:name
		ADDED from MyProject\BoardGameStore\AndroidManifest.xml:123:13-47
activity#com.yikeguan.boardgamestore.SunpicInfoActivity
ADDED from MyProject\BoardGameStore\AndroidManifest.xml:125:9-129:67
	android:windowSoftInputMode
		ADDED from MyProject\BoardGameStore\AndroidManifest.xml:129:13-64
	android:screenOrientation
		ADDED from MyProject\BoardGameStore\AndroidManifest.xml:128:13-49
	android:configChanges
		ADDED from MyProject\BoardGameStore\AndroidManifest.xml:127:13-63
	android:name
		ADDED from MyProject\BoardGameStore\AndroidManifest.xml:126:13-47
activity#com.yikeguan.boardgamestore.PrintDetailActivity
ADDED from MyProject\BoardGameStore\AndroidManifest.xml:130:9-132:52
	android:screenOrientation
		ADDED from MyProject\BoardGameStore\AndroidManifest.xml:132:13-49
	android:name
		ADDED from MyProject\BoardGameStore\AndroidManifest.xml:131:13-48
activity#com.yikeguan.boardgamestore.LoginActivity
ADDED from MyProject\BoardGameStore\AndroidManifest.xml:133:9-135:52
	android:screenOrientation
		ADDED from MyProject\BoardGameStore\AndroidManifest.xml:135:13-49
	android:name
		ADDED from MyProject\BoardGameStore\AndroidManifest.xml:134:13-42
activity#com.yikeguan.boardgamestore.RegisterActivity
ADDED from MyProject\BoardGameStore\AndroidManifest.xml:136:9-138:52
	android:screenOrientation
		ADDED from MyProject\BoardGameStore\AndroidManifest.xml:138:13-49
	android:name
		ADDED from MyProject\BoardGameStore\AndroidManifest.xml:137:13-45
activity#com.yikeguan.boardgamestore.SettingActivity
ADDED from MyProject\BoardGameStore\AndroidManifest.xml:139:9-141:52
	android:screenOrientation
		ADDED from MyProject\BoardGameStore\AndroidManifest.xml:141:13-49
	android:name
		ADDED from MyProject\BoardGameStore\AndroidManifest.xml:140:13-44
activity#com.yikeguan.boardgamestore.SettingPasswordActivity
ADDED from MyProject\BoardGameStore\AndroidManifest.xml:142:9-144:52
	android:screenOrientation
		ADDED from MyProject\BoardGameStore\AndroidManifest.xml:144:13-49
	android:name
		ADDED from MyProject\BoardGameStore\AndroidManifest.xml:143:13-52
activity#com.yikeguan.boardgamestore.HelpActivity
ADDED from MyProject\BoardGameStore\AndroidManifest.xml:145:9-147:52
	android:screenOrientation
		ADDED from MyProject\BoardGameStore\AndroidManifest.xml:147:13-49
	android:name
		ADDED from MyProject\BoardGameStore\AndroidManifest.xml:146:13-41
activity#com.yikeguan.boardgamestore.FeedbackActivity
ADDED from MyProject\BoardGameStore\AndroidManifest.xml:148:9-150:52
	android:screenOrientation
		ADDED from MyProject\BoardGameStore\AndroidManifest.xml:150:13-49
	android:name
		ADDED from MyProject\BoardGameStore\AndroidManifest.xml:149:13-45
activity#com.yikeguan.boardgamestore.AboutActivity
ADDED from MyProject\BoardGameStore\AndroidManifest.xml:151:9-153:52
	android:screenOrientation
		ADDED from MyProject\BoardGameStore\AndroidManifest.xml:153:13-49
	android:name
		ADDED from MyProject\BoardGameStore\AndroidManifest.xml:152:13-42
activity#com.yikeguan.boardgamestore.WebActivity
ADDED from MyProject\BoardGameStore\AndroidManifest.xml:154:9-156:52
	android:screenOrientation
		ADDED from MyProject\BoardGameStore\AndroidManifest.xml:156:13-49
	android:name
		ADDED from MyProject\BoardGameStore\AndroidManifest.xml:155:13-40
meta-data#EASEMOB_APPKEY
ADDED from MyProject\BoardGameStore\AndroidManifest.xml:159:9-161:54
	android:name
		ADDED from MyProject\BoardGameStore\AndroidManifest.xml:160:13-42
	android:value
		ADDED from MyProject\BoardGameStore\AndroidManifest.xml:161:13-51
service#com.easemob.chat.EMChatService
ADDED from MyProject\BoardGameStore\AndroidManifest.xml:163:9-66
	android:name
		ADDED from MyProject\BoardGameStore\AndroidManifest.xml:163:18-63
meta-data#UMENG_APPKEY
ADDED from MyProject\BoardGameStore\AndroidManifest.xml:166:9-168:56
	android:name
		ADDED from MyProject\BoardGameStore\AndroidManifest.xml:167:13-40
	android:value
		ADDED from MyProject\BoardGameStore\AndroidManifest.xml:168:13-53
uses-library#android.test.runner
ADDED from MyProject\BoardGameStore\AndroidManifest.xml:171:9-60
	android:name
		ADDED from MyProject\BoardGameStore\AndroidManifest.xml:171:23-57
instrumentation#android.test.InstrumentationTestRunner
ADDED from MyProject\BoardGameStore\AndroidManifest.xml:174:5-177:63
	android:label
		ADDED from MyProject\BoardGameStore\AndroidManifest.xml:176:9-41
	android:targetPackage
		ADDED from MyProject\BoardGameStore\AndroidManifest.xml:177:9-60
	android:name
		ADDED from MyProject\BoardGameStore\AndroidManifest.xml:175:9-62